<?xml version="1.0" encoding="UTF-8"?>
<!-- Generated by org.testng.reporters.JUnitReportReporter -->
<testsuite hostname="tester-VirtualBox" name="ivanVojnovic.test.MinisAddIstrazivacaTest" tests="1" failures="0" timestamp="16 Jul 2016 13:06:37 GMT" time="36.193" errors="0">
  <testcase name="AddIstrazivaca" time="36.193" classname="ivanVojnovic.test.MinisAddIstrazivacaTest"/>
</testsuite> <!-- ivanVojnovic.test.MinisAddIstrazivacaTest -->
