<?xml version="1.0" encoding="UTF-8"?>
<!-- Generated by org.testng.reporters.JUnitReportReporter -->
<testsuite hostname="tester-VirtualBox" name="ivanVojnovic.test.ZadatakMinis1" tests="1" failures="0" timestamp="17 Jul 2016 14:29:57 GMT" time="64.378" errors="0">
  <testcase name="Zadatak1" time="64.378" classname="ivanVojnovic.test.ZadatakMinis1"/>
</testsuite> <!-- ivanVojnovic.test.ZadatakMinis1 -->
